Compiled jquery.js  (4ms)  (pid 948)
Compiled jquery_ujs.js  (0ms)  (pid 948)
Compiled Sound.js  (0ms)  (pid 948)
Compiled categories.js  (273ms)  (pid 948)
Compiled comments.js  (350ms)  (pid 948)
Compiled custom.js  (172ms)  (pid 948)
Compiled effects.js  (1ms)  (pid 948)
Compiled fileuploader.js  (2ms)  (pid 948)
Compiled fluidvids.js  (0ms)  (pid 948)
Compiled images.js  (205ms)  (pid 948)
Compiled jquery.flexslider.js  (1ms)  (pid 948)
Compiled lightboxEx.js  (2ms)  (pid 948)
Compiled posts.js  (155ms)  (pid 948)
Compiled prototype.js  (2ms)  (pid 948)
Compiled scriptaculous.js  (0ms)  (pid 948)
Compiled users.js  (241ms)  (pid 948)
Compiled vendors.js  (154ms)  (pid 948)
Compiled application.js  (1857ms)  (pid 948)
Compiled categories.css  (19ms)  (pid 948)
Compiled clientgal.css  (22ms)  (pid 948)
Compiled comments.css  (2ms)  (pid 948)
Compiled custom.css  (2550ms)  (pid 948)
Compiled fileuploader.css  (36ms)  (pid 948)
Compiled flexslider.css  (0ms)  (pid 948)
Compiled gumby.css  (5160ms)  (pid 948)
Compiled home.css  (38ms)  (pid 948)
Compiled images.css  (3ms)  (pid 948)
Compiled lightboxEx.css  (0ms)  (pid 948)
Compiled posts.css  (3ms)  (pid 948)
Compiled scaffolds.css  (26ms)  (pid 948)
Compiled users.css  (3ms)  (pid 948)
Compiled vendors.css  (2ms)  (pid 948)
Compiled application.css  (8051ms)  (pid 948)
Compiled jquery.js  (5ms)  (pid 948)
Compiled jquery_ujs.js  (0ms)  (pid 948)
Compiled Sound.js  (0ms)  (pid 948)
Compiled categories.js  (274ms)  (pid 948)
Compiled comments.js  (163ms)  (pid 948)
Compiled custom.js  (243ms)  (pid 948)
Compiled effects.js  (1ms)  (pid 948)
Compiled fileuploader.js  (2ms)  (pid 948)
Compiled fluidvids.js  (0ms)  (pid 948)
Compiled images.js  (155ms)  (pid 948)
Compiled jquery.flexslider.js  (1ms)  (pid 948)
Compiled lightboxEx.js  (1ms)  (pid 948)
Compiled posts.js  (225ms)  (pid 948)
Compiled prototype.js  (2ms)  (pid 948)
Compiled scriptaculous.js  (1ms)  (pid 948)
Compiled users.js  (157ms)  (pid 948)
Compiled vendors.js  (222ms)  (pid 948)
Compiled application.js  (1688ms)  (pid 948)
Compiled categories.css  (19ms)  (pid 948)
Compiled clientgal.css  (22ms)  (pid 948)
Compiled comments.css  (2ms)  (pid 948)
Compiled custom.css  (2547ms)  (pid 948)
Compiled fileuploader.css  (37ms)  (pid 948)
Compiled flexslider.css  (0ms)  (pid 948)
Compiled gumby.css  (5069ms)  (pid 948)
Compiled home.css  (37ms)  (pid 948)
Compiled images.css  (3ms)  (pid 948)
Compiled lightboxEx.css  (0ms)  (pid 948)
Compiled posts.css  (17ms)  (pid 948)
Compiled scaffolds.css  (26ms)  (pid 948)
Compiled users.css  (3ms)  (pid 948)
Compiled vendors.css  (2ms)  (pid 948)
Compiled application.css  (7989ms)  (pid 948)
